2024-10-10 16:43:00 INFO  Utils:112 - [TestNG] Running:
  C:\Users\Admin\eclipse-workspace\AutomationTestingOnOpencart\master.xml

2024-10-10 16:43:04 INFO  TC008_EndToEndTestOnOpenCart:21 - ====Starting TC008_EndToEndTestOnOpenCart====
2024-10-10 16:43:04 INFO  TC008_EndToEndTestOnOpenCart:27 - Clicked on Account Link
2024-10-10 16:43:05 INFO  TC008_EndToEndTestOnOpenCart:30 - Clicked on Account Link
2024-10-10 16:43:06 INFO  TC008_EndToEndTestOnOpenCart:44 - Validating Expected Message..
2024-10-10 16:43:15 ERROR TC008_EndToEndTestOnOpenCart:90 - Test Failedno such element: Unable to locate element: {"method":"xpath","selector":"//*[@id="content"]/form/div/table/tbody/tr/td[4]/div/input"}
  (Session info: chrome=129.0.6668.90)
For documentation on this error, please visit: https://www.selenium.dev/documentation/webdriver/troubleshooting/errors#no-such-element-exception
Build info: version: '4.25.0', revision: '8a8aea2337'
System info: os.name: 'Windows 10', os.arch: 'amd64', os.version: '10.0', java.version: '21.0.3'
Driver info: org.openqa.selenium.chrome.ChromeDriver
Command: [953f578ec58ad000f57723eac4348e6c, findElement {using=xpath, value=//*[@id="content"]/form/div/table/tbody/tr/td[4]/div/input}]
Capabilities {acceptInsecureCerts: false, browserName: chrome, browserVersion: 129.0.6668.90, chrome: {chromedriverVersion: 129.0.6668.100 (cf58cba358d..., userDataDir: C:\Users\Admin\AppData\Loca...}, fedcm:accounts: true, goog:chromeOptions: {debuggerAddress: localhost:59140}, networkConnectionEnabled: false, pageLoadStrategy: normal, platformName: windows, proxy: Proxy(), se:cdp: ws://localhost:59140/devtoo..., se:cdpVersion: 129.0.6668.90, setWindowRect: true, strictFileInteractability: false, timeouts: {implicit: 0, pageLoad: 300000, script: 30000}, unhandledPromptBehavior: dismiss and notify, webauthn:extension:credBlob: true, webauthn:extension:largeBlob: true, webauthn:extension:minPinLength: true, webauthn:extension:prf: true, webauthn:virtualAuthenticators: true}
Session ID: 953f578ec58ad000f57723eac4348e6c
2024-10-10 16:43:15 INFO  TC008_EndToEndTestOnOpenCart:94 - TC008_EndToEndTestOnOpenCart is Execuited!!!
2024-10-10 16:45:24 INFO  Utils:112 - [TestNG] Running:
  C:\Users\Admin\eclipse-workspace\AutomationTestingOnOpencart\master.xml

2024-10-10 16:45:28 INFO  TC001_AccountRegistrationTest:14 - ====Starting TC001_AccRegTest====
2024-10-10 16:45:28 INFO  TC001_AccountRegistrationTest:20 - Clicked on Account Link
2024-10-10 16:45:29 INFO  TC001_AccountRegistrationTest:23 - Clicked on Register Link
2024-10-10 16:45:29 INFO  TC001_AccountRegistrationTest:28 - Providing customer details
2024-10-10 16:45:30 INFO  TC001_AccountRegistrationTest:59 - Validating Expected Message..
2024-10-10 16:45:30 INFO  TC001_AccountRegistrationTest:74 - TC001_AccountRegistrationTest is Execuited!!!
2024-10-10 16:45:34 INFO  TC002_LoginTest:16 - ====Starting TC002_LoginTest====
2024-10-10 16:45:36 INFO  TC002_LoginTest:50 - TC002_LoginTest is Execuited!!!
2024-10-10 16:45:39 INFO  TC004_AddProductToWishList:20 - ====Starting TC004_LoginTest====
2024-10-10 16:45:42 INFO  TC004_AddProductToWishList:44 - TC004_LoginTest is Execuited!!!
2024-10-10 16:45:45 INFO  TC005_AddProductToCart:16 - ====TC005_AddProductToCart====
2024-10-10 16:45:48 INFO  TC005_AddProductToCart:40 - TC005_AddProductToCart is Execuited!!!
2024-10-10 16:45:51 INFO  TC006_ShippingEstimation:18 - ==== TC006_ShippingEstimation====
2024-10-10 16:45:55 INFO  TC006_ShippingEstimation:55 - TC006_ShippingEstimation is Execuited!!!
2024-10-10 16:45:58 INFO  TC007_OrderingTheProduct:16 - ====TC007_OrderingTheProduct====
2024-10-10 16:46:04 INFO  TC007_OrderingTheProduct:43 - TC006_ShippingEstimation is Execuited!!!
2024-10-10 16:46:08 INFO  TC008_EndToEndTestOnOpenCart:21 - ====Starting TC008_EndToEndTestOnOpenCart====
2024-10-10 16:46:08 INFO  TC008_EndToEndTestOnOpenCart:27 - Clicked on Account Link
2024-10-10 16:46:08 INFO  TC008_EndToEndTestOnOpenCart:30 - Clicked on Account Link
2024-10-10 16:46:10 INFO  TC008_EndToEndTestOnOpenCart:44 - Validating Expected Message..
2024-10-10 16:46:18 ERROR TC008_EndToEndTestOnOpenCart:90 - Test Failedno such element: Unable to locate element: {"method":"xpath","selector":"//*[@id="content"]/form/div/table/tbody/tr/td[4]/div/input"}
  (Session info: chrome=129.0.6668.90)
For documentation on this error, please visit: https://www.selenium.dev/documentation/webdriver/troubleshooting/errors#no-such-element-exception
Build info: version: '4.25.0', revision: '8a8aea2337'
System info: os.name: 'Windows 10', os.arch: 'amd64', os.version: '10.0', java.version: '21.0.3'
Driver info: org.openqa.selenium.chrome.ChromeDriver
Command: [3a25e7840f4e2da66e6897c7dad3f68e, findElement {value=//*[@id="content"]/form/div/table/tbody/tr/td[4]/div/input, using=xpath}]
Capabilities {acceptInsecureCerts: false, browserName: chrome, browserVersion: 129.0.6668.90, chrome: {chromedriverVersion: 129.0.6668.100 (cf58cba358d..., userDataDir: C:\Users\Admin\AppData\Loca...}, fedcm:accounts: true, goog:chromeOptions: {debuggerAddress: localhost:59299}, networkConnectionEnabled: false, pageLoadStrategy: normal, platformName: windows, proxy: Proxy(), se:cdp: ws://localhost:59299/devtoo..., se:cdpVersion: 129.0.6668.90, setWindowRect: true, strictFileInteractability: false, timeouts: {implicit: 0, pageLoad: 300000, script: 30000}, unhandledPromptBehavior: dismiss and notify, webauthn:extension:credBlob: true, webauthn:extension:largeBlob: true, webauthn:extension:minPinLength: true, webauthn:extension:prf: true, webauthn:virtualAuthenticators: true}
Session ID: 3a25e7840f4e2da66e6897c7dad3f68e
2024-10-10 16:46:18 INFO  TC008_EndToEndTestOnOpenCart:94 - TC008_EndToEndTestOnOpenCart is Execuited!!!
2024-10-10 16:47:13 INFO  Utils:112 - [TestNG] Running:
  C:\Users\Admin\eclipse-workspace\AutomationTestingOnOpencart\master.xml

2024-10-10 16:47:17 INFO  TC001_AccountRegistrationTest:14 - ====Starting TC001_AccRegTest====
2024-10-10 16:47:17 INFO  TC001_AccountRegistrationTest:20 - Clicked on Account Link
2024-10-10 16:47:18 INFO  TC001_AccountRegistrationTest:23 - Clicked on Register Link
2024-10-10 16:47:18 INFO  TC001_AccountRegistrationTest:28 - Providing customer details
2024-10-10 16:47:19 INFO  TC001_AccountRegistrationTest:59 - Validating Expected Message..
2024-10-10 16:47:19 INFO  TC001_AccountRegistrationTest:74 - TC001_AccountRegistrationTest is Execuited!!!
2024-10-10 16:47:23 INFO  TC002_LoginTest:16 - ====Starting TC002_LoginTest====
2024-10-10 16:47:25 INFO  TC002_LoginTest:50 - TC002_LoginTest is Execuited!!!
2024-10-10 16:47:33 INFO  TC004_AddProductToWishList:20 - ====Starting TC004_LoginTest====
2024-10-10 16:47:35 INFO  TC004_AddProductToWishList:44 - TC004_LoginTest is Execuited!!!
2024-10-10 16:47:39 INFO  TC005_AddProductToCart:16 - ====TC005_AddProductToCart====
2024-10-10 16:47:42 INFO  TC005_AddProductToCart:40 - TC005_AddProductToCart is Execuited!!!
2024-10-10 16:47:45 INFO  TC006_ShippingEstimation:18 - ==== TC006_ShippingEstimation====
2024-10-10 16:47:49 INFO  TC006_ShippingEstimation:55 - TC006_ShippingEstimation is Execuited!!!
2024-10-10 16:47:52 INFO  TC007_OrderingTheProduct:16 - ====TC007_OrderingTheProduct====
2024-10-10 16:47:57 INFO  TC007_OrderingTheProduct:43 - TC006_ShippingEstimation is Execuited!!!
2024-10-10 16:48:00 INFO  TC008_EndToEndTestOnOpenCart:21 - ====Starting TC008_EndToEndTestOnOpenCart====
2024-10-10 16:48:01 INFO  TC008_EndToEndTestOnOpenCart:27 - Clicked on Account Link
2024-10-10 16:48:01 INFO  TC008_EndToEndTestOnOpenCart:30 - Clicked on Account Link
2024-10-10 16:48:02 INFO  TC008_EndToEndTestOnOpenCart:44 - Validating Expected Message..
2024-10-10 16:48:11 ERROR TC008_EndToEndTestOnOpenCart:90 - Test Failedno such element: Unable to locate element: {"method":"xpath","selector":"//*[@id="content"]/form/div/table/tbody/tr/td[4]/div/input"}
  (Session info: chrome=129.0.6668.90)
For documentation on this error, please visit: https://www.selenium.dev/documentation/webdriver/troubleshooting/errors#no-such-element-exception
Build info: version: '4.25.0', revision: '8a8aea2337'
System info: os.name: 'Windows 10', os.arch: 'amd64', os.version: '10.0', java.version: '21.0.3'
Driver info: org.openqa.selenium.chrome.ChromeDriver
Command: [235fb2ff21387b1a2d788d436764ea46, findElement {using=xpath, value=//*[@id="content"]/form/div/table/tbody/tr/td[4]/div/input}]
Capabilities {acceptInsecureCerts: false, browserName: chrome, browserVersion: 129.0.6668.90, chrome: {chromedriverVersion: 129.0.6668.100 (cf58cba358d..., userDataDir: C:\Users\Admin\AppData\Loca...}, fedcm:accounts: true, goog:chromeOptions: {debuggerAddress: localhost:59471}, networkConnectionEnabled: false, pageLoadStrategy: normal, platformName: windows, proxy: Proxy(), se:cdp: ws://localhost:59471/devtoo..., se:cdpVersion: 129.0.6668.90, setWindowRect: true, strictFileInteractability: false, timeouts: {implicit: 0, pageLoad: 300000, script: 30000}, unhandledPromptBehavior: dismiss and notify, webauthn:extension:credBlob: true, webauthn:extension:largeBlob: true, webauthn:extension:minPinLength: true, webauthn:extension:prf: true, webauthn:virtualAuthenticators: true}
Session ID: 235fb2ff21387b1a2d788d436764ea46
2024-10-10 16:48:11 INFO  TC008_EndToEndTestOnOpenCart:94 - TC008_EndToEndTestOnOpenCart is Execuited!!!
2024-10-10 16:59:25 INFO  Utils:112 - [TestNG] Running:
  C:\Users\Admin\eclipse-workspace\AutomationTestingOnOpencart\test-output\testng-failed.xml

2024-10-10 17:02:56 INFO  Utils:112 - [TestNG] Running:
  C:\Users\Admin\eclipse-workspace\AutomationTestingOnOpencart\crossbrowsertesting.xml

2024-10-10 17:03:00 INFO  TC001_AccountRegistrationTest:14 - ====Starting TC001_AccRegTest====
2024-10-10 17:03:00 INFO  TC001_AccountRegistrationTest:20 - Clicked on Account Link
2024-10-10 17:03:01 INFO  TC001_AccountRegistrationTest:23 - Clicked on Register Link
2024-10-10 17:03:01 INFO  TC001_AccountRegistrationTest:28 - Providing customer details
2024-10-10 17:03:04 INFO  TC001_AccountRegistrationTest:59 - Validating Expected Message..
2024-10-10 17:03:05 INFO  TC001_AccountRegistrationTest:74 - TC001_AccountRegistrationTest is Execuited!!!
2024-10-10 17:03:05 INFO  TC001_AccountRegistrationTest:14 - ====Starting TC001_AccRegTest====
2024-10-10 17:03:09 INFO  TC001_AccountRegistrationTest:14 - ====Starting TC001_AccRegTest====
2024-10-10 17:03:10 ERROR TC001_AccountRegistrationTest:68 - Test FailedError communicating with the remote browser. It may have died.
Build info: version: '4.25.0', revision: '8a8aea2337'
System info: os.name: 'Windows 10', os.arch: 'amd64', os.version: '10.0', java.version: '21.0.3'
Driver info: org.openqa.selenium.firefox.FirefoxDriver
Command: [6eb55cb0-85ce-475b-be84-c927a9cc860e, findElement [value, using]]
Capabilities {acceptInsecureCerts: true, browserName: firefox, browserVersion: 131.0, moz:accessibilityChecks: false, moz:buildID: 20240923135042, moz:debuggerAddress: 127.0.0.1:38312, moz:geckodriverVersion: 0.35.0, moz:headless: false, moz:platformVersion: 10.0, moz:processID: 18744, moz:profile: C:\Users\Admin\AppData\Loca..., moz:shutdownTimeout: 60000, moz:webdriverClick: true, moz:windowless: false, pageLoadStrategy: normal, platformName: windows, proxy: Proxy(), se:cdp: ws://127.0.0.1:38312/devtoo..., se:cdpVersion: 85.0, setWindowRect: true, strictFileInteractability: false, timeouts: {implicit: 0, pageLoad: 300000, script: 30000}, unhandledPromptBehavior: dismiss and notify, userAgent: Mozilla/5.0 (Windows NT 10....}
2024-10-10 17:03:10 ERROR TC001_AccountRegistrationTest:68 - Test FailedError communicating with the remote browser. It may have died.
Build info: version: '4.25.0', revision: '8a8aea2337'
System info: os.name: 'Windows 10', os.arch: 'amd64', os.version: '10.0', java.version: '21.0.3'
Driver info: org.openqa.selenium.firefox.FirefoxDriver
Command: [6eb55cb0-85ce-475b-be84-c927a9cc860e, findElement [value, using]]
Capabilities {acceptInsecureCerts: true, browserName: firefox, browserVersion: 131.0, moz:accessibilityChecks: false, moz:buildID: 20240923135042, moz:debuggerAddress: 127.0.0.1:38312, moz:geckodriverVersion: 0.35.0, moz:headless: false, moz:platformVersion: 10.0, moz:processID: 18744, moz:profile: C:\Users\Admin\AppData\Loca..., moz:shutdownTimeout: 60000, moz:webdriverClick: true, moz:windowless: false, pageLoadStrategy: normal, platformName: windows, proxy: Proxy(), se:cdp: ws://127.0.0.1:38312/devtoo..., se:cdpVersion: 85.0, setWindowRect: true, strictFileInteractability: false, timeouts: {implicit: 0, pageLoad: 300000, script: 30000}, unhandledPromptBehavior: dismiss and notify, userAgent: Mozilla/5.0 (Windows NT 10....}
2024-10-10 17:03:10 INFO  TC001_AccountRegistrationTest:74 - TC001_AccountRegistrationTest is Execuited!!!
2024-10-10 17:03:10 INFO  TC001_AccountRegistrationTest:74 - TC001_AccountRegistrationTest is Execuited!!!
2024-10-10 17:09:05 INFO  Utils:112 - [TestNG] Running:
  C:\Users\Admin\eclipse-workspace\AutomationTestingOnOpencart\crossbrowsertesting.xml

2024-10-10 17:09:09 INFO  TC001_AccountRegistrationTest:14 - ====Starting TC001_AccRegTest====
2024-10-10 17:09:10 INFO  TC001_AccountRegistrationTest:20 - Clicked on Account Link
2024-10-10 17:09:11 INFO  TC001_AccountRegistrationTest:14 - ====Starting TC001_AccRegTest====
2024-10-10 17:09:11 INFO  TC001_AccountRegistrationTest:23 - Clicked on Register Link
2024-10-10 17:09:11 INFO  TC001_AccountRegistrationTest:28 - Providing customer details
2024-10-10 17:09:17 ERROR TC001_AccountRegistrationTest:68 - Test Failedno such element: Unable to locate element: {"method":"xpath","selector":"//input[@id='input-firstname']"}
  (Session info: MicrosoftEdge=129.0.2792.79)
For documentation on this error, please visit: https://www.selenium.dev/documentation/webdriver/troubleshooting/errors#no-such-element-exception
Build info: version: '4.25.0', revision: '8a8aea2337'
System info: os.name: 'Windows 10', os.arch: 'amd64', os.version: '10.0', java.version: '21.0.3'
Driver info: org.openqa.selenium.edge.EdgeDriver
Command: [e53db7c5a4103412fead2227b3bf850c, findElement {value=//input[@id='input-firstname'], using=xpath}]
Capabilities {acceptInsecureCerts: false, browserName: MicrosoftEdge, browserVersion: 129.0.2792.79, fedcm:accounts: true, ms:edgeOptions: {debuggerAddress: localhost:60060}, msedge: {msedgedriverVersion: 129.0.2792.79 (47754e458450..., userDataDir: C:\Users\Admin\AppData\Loca...}, networkConnectionEnabled: false, pageLoadStrategy: normal, platformName: windows, proxy: Proxy(), se:cdp: ws://localhost:60060/devtoo..., se:cdpVersion: 129.0.2792.79, setWindowRect: true, strictFileInteractability: false, timeouts: {implicit: 0, pageLoad: 300000, script: 30000}, unhandledPromptBehavior: dismiss and notify, webauthn:extension:credBlob: true, webauthn:extension:largeBlob: true, webauthn:extension:minPinLength: true, webauthn:extension:prf: true, webauthn:virtualAuthenticators: true}
Session ID: e53db7c5a4103412fead2227b3bf850c
2024-10-10 17:09:17 INFO  TC001_AccountRegistrationTest:74 - TC001_AccountRegistrationTest is Execuited!!!
2024-10-10 17:09:17 INFO  TC001_AccountRegistrationTest:20 - Clicked on Account Link
2024-10-10 17:09:18 INFO  TC008_EndToEndTestOnOpenCart:21 - ====Starting TC008_EndToEndTestOnOpenCart====
2024-10-10 17:09:18 INFO  TC001_AccountRegistrationTest:23 - Clicked on Register Link
2024-10-10 17:09:18 INFO  TC001_AccountRegistrationTest:28 - Providing customer details
2024-10-10 17:09:19 ERROR TC001_AccountRegistrationTest:68 - Test FailedWebDriver session does not exist, or is not active
Build info: version: '4.25.0', revision: '8a8aea2337'
System info: os.name: 'Windows 10', os.arch: 'amd64', os.version: '10.0', java.version: '21.0.3'
Driver info: org.openqa.selenium.firefox.FirefoxDriver
Command: [9e1cfd55-7f23-458f-9286-45db4d8766ba, findElement {value=//input[@id='input-firstname'], using=xpath}]
Capabilities {acceptInsecureCerts: true, browserName: firefox, browserVersion: 131.0, moz:accessibilityChecks: false, moz:buildID: 20240923135042, moz:debuggerAddress: 127.0.0.1:35410, moz:geckodriverVersion: 0.35.0, moz:headless: false, moz:platformVersion: 10.0, moz:processID: 17028, moz:profile: C:\Users\Admin\AppData\Loca..., moz:shutdownTimeout: 60000, moz:webdriverClick: true, moz:windowless: false, pageLoadStrategy: normal, platformName: windows, proxy: Proxy(), se:cdp: ws://127.0.0.1:35410/devtoo..., se:cdpVersion: 85.0, setWindowRect: true, strictFileInteractability: false, timeouts: {implicit: 0, pageLoad: 300000, script: 30000}, unhandledPromptBehavior: dismiss and notify, userAgent: Mozilla/5.0 (Windows NT 10....}
Session ID: 9e1cfd55-7f23-458f-9286-45db4d8766ba
2024-10-10 17:09:19 INFO  TC001_AccountRegistrationTest:74 - TC001_AccountRegistrationTest is Execuited!!!
2024-10-10 17:09:19 ERROR TC008_EndToEndTestOnOpenCart:90 - Test FailedFailed to decode response from marionette
Build info: version: '4.25.0', revision: '8a8aea2337'
System info: os.name: 'Windows 10', os.arch: 'amd64', os.version: '10.0', java.version: '21.0.3'
Driver info: org.openqa.selenium.firefox.FirefoxDriver
Command: [9e1cfd55-7f23-458f-9286-45db4d8766ba, clickElement {id=c4730d0b-8107-4933-be95-4ac7bd2fd42e}]
Capabilities {acceptInsecureCerts: true, browserName: firefox, browserVersion: 131.0, moz:accessibilityChecks: false, moz:buildID: 20240923135042, moz:debuggerAddress: 127.0.0.1:35410, moz:geckodriverVersion: 0.35.0, moz:headless: false, moz:platformVersion: 10.0, moz:processID: 17028, moz:profile: C:\Users\Admin\AppData\Loca..., moz:shutdownTimeout: 60000, moz:webdriverClick: true, moz:windowless: false, pageLoadStrategy: normal, platformName: windows, proxy: Proxy(), se:cdp: ws://127.0.0.1:35410/devtoo..., se:cdpVersion: 85.0, setWindowRect: true, strictFileInteractability: false, timeouts: {implicit: 0, pageLoad: 300000, script: 30000}, unhandledPromptBehavior: dismiss and notify, userAgent: Mozilla/5.0 (Windows NT 10....}
Element: [[FirefoxDriver: firefox on windows (9e1cfd55-7f23-458f-9286-45db4d8766ba)] -> xpath: //div[@id="top-links"]//li[2]//span[1]]
Session ID: 9e1cfd55-7f23-458f-9286-45db4d8766ba
2024-10-10 17:09:19 INFO  TC008_EndToEndTestOnOpenCart:94 - TC008_EndToEndTestOnOpenCart is Execuited!!!
2024-10-10 17:09:22 INFO  TC008_EndToEndTestOnOpenCart:21 - ====Starting TC008_EndToEndTestOnOpenCart====
2024-10-10 17:09:24 INFO  TC008_EndToEndTestOnOpenCart:27 - Clicked on Account Link
2024-10-10 17:09:25 INFO  TC008_EndToEndTestOnOpenCart:30 - Clicked on Account Link
2024-10-10 17:09:27 INFO  TC008_EndToEndTestOnOpenCart:21 - ====Starting TC008_EndToEndTestOnOpenCart====
2024-10-10 17:09:32 ERROR TC008_EndToEndTestOnOpenCart:90 - Test Failedno such element: Unable to locate element: {"method":"xpath","selector":"//input[@id='input-firstname']"}
  (Session info: MicrosoftEdge=129.0.2792.79)
For documentation on this error, please visit: https://www.selenium.dev/documentation/webdriver/troubleshooting/errors#no-such-element-exception
Build info: version: '4.25.0', revision: '8a8aea2337'
System info: os.name: 'Windows 10', os.arch: 'amd64', os.version: '10.0', java.version: '21.0.3'
Driver info: org.openqa.selenium.edge.EdgeDriver
Command: [e1726cd58e27e06e4ec419e3ce9371b8, findElement {value=//input[@id='input-firstname'], using=xpath}]
Capabilities {acceptInsecureCerts: false, browserName: MicrosoftEdge, browserVersion: 129.0.2792.79, fedcm:accounts: true, ms:edgeOptions: {debuggerAddress: localhost:60145}, msedge: {msedgedriverVersion: 129.0.2792.79 (47754e458450..., userDataDir: C:\Users\Admin\AppData\Loca...}, networkConnectionEnabled: false, pageLoadStrategy: normal, platformName: windows, proxy: Proxy(), se:cdp: ws://localhost:60145/devtoo..., se:cdpVersion: 129.0.2792.79, setWindowRect: true, strictFileInteractability: false, timeouts: {implicit: 0, pageLoad: 300000, script: 30000}, unhandledPromptBehavior: dismiss and notify, webauthn:extension:credBlob: true, webauthn:extension:largeBlob: true, webauthn:extension:minPinLength: true, webauthn:extension:prf: true, webauthn:virtualAuthenticators: true}
Session ID: e1726cd58e27e06e4ec419e3ce9371b8
2024-10-10 17:09:32 INFO  TC008_EndToEndTestOnOpenCart:94 - TC008_EndToEndTestOnOpenCart is Execuited!!!
2024-10-10 17:09:38 ERROR TC008_EndToEndTestOnOpenCart:90 - Test Failedelement not interactable
  (Session info: MicrosoftEdge=129.0.2792.79)
Build info: version: '4.25.0', revision: '8a8aea2337'
System info: os.name: 'Windows 10', os.arch: 'amd64', os.version: '10.0', java.version: '21.0.3'
Driver info: org.openqa.selenium.edge.EdgeDriver
Command: [e1726cd58e27e06e4ec419e3ce9371b8, clickElement {id=f.EAB80B402960A78CCEF68038CCA7326E.d.0525D6F06E6DA1D918F0B7805191771D.e.61}]
Capabilities {acceptInsecureCerts: false, browserName: MicrosoftEdge, browserVersion: 129.0.2792.79, fedcm:accounts: true, ms:edgeOptions: {debuggerAddress: localhost:60145}, msedge: {msedgedriverVersion: 129.0.2792.79 (47754e458450..., userDataDir: C:\Users\Admin\AppData\Loca...}, networkConnectionEnabled: false, pageLoadStrategy: normal, platformName: windows, proxy: Proxy(), se:cdp: ws://localhost:60145/devtoo..., se:cdpVersion: 129.0.2792.79, setWindowRect: true, strictFileInteractability: false, timeouts: {implicit: 0, pageLoad: 300000, script: 30000}, unhandledPromptBehavior: dismiss and notify, webauthn:extension:credBlob: true, webauthn:extension:largeBlob: true, webauthn:extension:minPinLength: true, webauthn:extension:prf: true, webauthn:virtualAuthenticators: true}
Element: [[EdgeDriver: MicrosoftEdge on windows (e1726cd58e27e06e4ec419e3ce9371b8)] -> xpath: //div[@id="top-links"]//li[2]//span[1]]
Session ID: e1726cd58e27e06e4ec419e3ce9371b8
2024-10-10 17:09:38 INFO  TC008_EndToEndTestOnOpenCart:94 - TC008_EndToEndTestOnOpenCart is Execuited!!!
2024-10-10 18:19:48 INFO  Utils:112 - [TestNG] Running:
  C:\Users\Admin\eclipse-workspace\AutomationTestingOnOpencart\crossbrowsertesting.xml

2024-10-10 18:19:54 INFO  TC001_AccountRegistrationTest:14 - ====Starting TC001_AccRegTest====
2024-10-10 18:19:56 INFO  TC001_AccountRegistrationTest:14 - ====Starting TC001_AccRegTest====
2024-10-10 18:19:56 INFO  TC001_AccountRegistrationTest:20 - Clicked on Account Link
2024-10-10 18:19:56 INFO  TC001_AccountRegistrationTest:20 - Clicked on Account Link
2024-10-10 18:19:58 INFO  TC001_AccountRegistrationTest:14 - ====Starting TC001_AccRegTest====
2024-10-10 18:19:58 INFO  TC001_AccountRegistrationTest:20 - Clicked on Account Link
2024-10-10 18:19:59 INFO  TC001_AccountRegistrationTest:23 - Clicked on Register Link
2024-10-10 18:19:59 INFO  TC001_AccountRegistrationTest:28 - Providing customer details
2024-10-10 18:19:59 INFO  TC001_AccountRegistrationTest:59 - Validating Expected Message..
2024-10-10 18:20:01 ERROR TC001_AccountRegistrationTest:68 - Test Failedelement not interactable
  (Session info: MicrosoftEdge=129.0.2792.79)
Build info: version: '4.25.0', revision: '8a8aea2337'
System info: os.name: 'Windows 10', os.arch: 'amd64', os.version: '10.0', java.version: '21.0.3'
Driver info: org.openqa.selenium.edge.EdgeDriver
Command: [5d35b28059171f13f212138e6be63788, clickElement {id=f.603035926C56BC8D7AD494929C7ADA49.d.584E5B17179CDB3C62AF048B45A9BDED.e.62}]
Capabilities {acceptInsecureCerts: false, browserName: MicrosoftEdge, browserVersion: 129.0.2792.79, fedcm:accounts: true, ms:edgeOptions: {debuggerAddress: localhost:62983}, msedge: {msedgedriverVersion: 129.0.2792.79 (47754e458450..., userDataDir: C:\Users\Admin\AppData\Loca...}, networkConnectionEnabled: false, pageLoadStrategy: normal, platformName: windows, proxy: Proxy(), se:cdp: ws://localhost:62983/devtoo..., se:cdpVersion: 129.0.2792.79, setWindowRect: true, strictFileInteractability: false, timeouts: {implicit: 0, pageLoad: 300000, script: 30000}, unhandledPromptBehavior: dismiss and notify, webauthn:extension:credBlob: true, webauthn:extension:largeBlob: true, webauthn:extension:minPinLength: true, webauthn:extension:prf: true, webauthn:virtualAuthenticators: true}
Element: [[EdgeDriver: MicrosoftEdge on windows (5d35b28059171f13f212138e6be63788)] -> xpath: //div[@id="top-links"]/ul/li[2] //li[1]/a]
Session ID: 5d35b28059171f13f212138e6be63788
2024-10-10 18:20:01 INFO  TC001_AccountRegistrationTest:74 - TC001_AccountRegistrationTest is Execuited!!!
2024-10-10 18:20:03 INFO  TC001_AccountRegistrationTest:74 - TC001_AccountRegistrationTest is Execuited!!!
2024-10-10 18:20:06 ERROR TC001_AccountRegistrationTest:68 - Test Failedelement not interactable
  (Session info: MicrosoftEdge=129.0.2792.79)
Build info: version: '4.25.0', revision: '8a8aea2337'
System info: os.name: 'Windows 10', os.arch: 'amd64', os.version: '10.0', java.version: '21.0.3'
Driver info: org.openqa.selenium.edge.EdgeDriver
Command: [5d35b28059171f13f212138e6be63788, clickElement {id=f.603035926C56BC8D7AD494929C7ADA49.d.584E5B17179CDB3C62AF048B45A9BDED.e.62}]
Capabilities {acceptInsecureCerts: false, browserName: MicrosoftEdge, browserVersion: 129.0.2792.79, fedcm:accounts: true, ms:edgeOptions: {debuggerAddress: localhost:62983}, msedge: {msedgedriverVersion: 129.0.2792.79 (47754e458450..., userDataDir: C:\Users\Admin\AppData\Loca...}, networkConnectionEnabled: false, pageLoadStrategy: normal, platformName: windows, proxy: Proxy(), se:cdp: ws://localhost:62983/devtoo..., se:cdpVersion: 129.0.2792.79, setWindowRect: true, strictFileInteractability: false, timeouts: {implicit: 0, pageLoad: 300000, script: 30000}, unhandledPromptBehavior: dismiss and notify, webauthn:extension:credBlob: true, webauthn:extension:largeBlob: true, webauthn:extension:minPinLength: true, webauthn:extension:prf: true, webauthn:virtualAuthenticators: true}
Element: [[EdgeDriver: MicrosoftEdge on windows (5d35b28059171f13f212138e6be63788)] -> xpath: //div[@id="top-links"]/ul/li[2] //li[1]/a]
Session ID: 5d35b28059171f13f212138e6be63788
2024-10-10 18:20:06 INFO  TC001_AccountRegistrationTest:74 - TC001_AccountRegistrationTest is Execuited!!!
2024-10-10 18:20:13 INFO  TC008_EndToEndTestOnOpenCart:21 - ====Starting TC008_EndToEndTestOnOpenCart====
2024-10-10 18:20:14 INFO  TC008_EndToEndTestOnOpenCart:21 - ====Starting TC008_EndToEndTestOnOpenCart====
2024-10-10 18:20:15 INFO  TC008_EndToEndTestOnOpenCart:21 - ====Starting TC008_EndToEndTestOnOpenCart====
2024-10-10 18:20:15 ERROR TC008_EndToEndTestOnOpenCart:90 - Test FailedThe element with the reference 3525f489-41e7-4092-bc24-6d5563d689ad is stale; either its node document is not the active document, or it is no longer connected to the DOM
For documentation on this error, please visit: https://www.selenium.dev/documentation/webdriver/troubleshooting/errors#stale-element-reference-exception
Build info: version: '4.25.0', revision: '8a8aea2337'
System info: os.name: 'Windows 10', os.arch: 'amd64', os.version: '10.0', java.version: '21.0.3'
Driver info: org.openqa.selenium.firefox.FirefoxDriver
Command: [95941b8e-dd8b-47b2-9990-925828fb6c10, clickElement {id=3525f489-41e7-4092-bc24-6d5563d689ad}]
Capabilities {acceptInsecureCerts: true, browserName: firefox, browserVersion: 131.0.2, moz:accessibilityChecks: false, moz:buildID: 20241008210941, moz:debuggerAddress: 127.0.0.1:16069, moz:geckodriverVersion: 0.35.0, moz:headless: false, moz:platformVersion: 10.0, moz:processID: 21928, moz:profile: C:\Users\Admin\AppData\Loca..., moz:shutdownTimeout: 60000, moz:webdriverClick: true, moz:windowless: false, pageLoadStrategy: normal, platformName: windows, proxy: Proxy(), se:cdp: ws://127.0.0.1:16069/devtoo..., se:cdpVersion: 85.0, setWindowRect: true, strictFileInteractability: false, timeouts: {implicit: 0, pageLoad: 300000, script: 30000}, unhandledPromptBehavior: dismiss and notify, userAgent: Mozilla/5.0 (Windows NT 10....}
Element: [[FirefoxDriver: firefox on windows (95941b8e-dd8b-47b2-9990-925828fb6c10)] -> xpath: //div[@id="top-links"]//li[2]//span[1]]
Session ID: 95941b8e-dd8b-47b2-9990-925828fb6c10
2024-10-10 18:20:15 INFO  TC008_EndToEndTestOnOpenCart:94 - TC008_EndToEndTestOnOpenCart is Execuited!!!
2024-10-10 18:20:15 INFO  TC008_EndToEndTestOnOpenCart:27 - Clicked on Account Link
2024-10-10 18:20:15 INFO  TC008_EndToEndTestOnOpenCart:27 - Clicked on Account Link
2024-10-10 18:20:17 ERROR TC008_EndToEndTestOnOpenCart:90 - Test FailedElement <a href="https://tutorialsninja.com/demo/index.php?route=account/register"> could not be scrolled into view
Build info: version: '4.25.0', revision: '8a8aea2337'
System info: os.name: 'Windows 10', os.arch: 'amd64', os.version: '10.0', java.version: '21.0.3'
Driver info: org.openqa.selenium.firefox.FirefoxDriver
Command: [95941b8e-dd8b-47b2-9990-925828fb6c10, clickElement {id=7f60d363-729d-4eda-b16f-89066e1e3c92}]
Capabilities {acceptInsecureCerts: true, browserName: firefox, browserVersion: 131.0.2, moz:accessibilityChecks: false, moz:buildID: 20241008210941, moz:debuggerAddress: 127.0.0.1:16069, moz:geckodriverVersion: 0.35.0, moz:headless: false, moz:platformVersion: 10.0, moz:processID: 21928, moz:profile: C:\Users\Admin\AppData\Loca..., moz:shutdownTimeout: 60000, moz:webdriverClick: true, moz:windowless: false, pageLoadStrategy: normal, platformName: windows, proxy: Proxy(), se:cdp: ws://127.0.0.1:16069/devtoo..., se:cdpVersion: 85.0, setWindowRect: true, strictFileInteractability: false, timeouts: {implicit: 0, pageLoad: 300000, script: 30000}, unhandledPromptBehavior: dismiss and notify, userAgent: Mozilla/5.0 (Windows NT 10....}
Element: [[FirefoxDriver: firefox on windows (95941b8e-dd8b-47b2-9990-925828fb6c10)] -> xpath: //div[@id="top-links"]/ul/li[2] //li[1]/a]
Session ID: 95941b8e-dd8b-47b2-9990-925828fb6c10
2024-10-10 18:20:17 INFO  TC008_EndToEndTestOnOpenCart:94 - TC008_EndToEndTestOnOpenCart is Execuited!!!
2024-10-10 18:20:17 ERROR TC008_EndToEndTestOnOpenCart:90 - Test FailedElement <a href="https://tutorialsninja.com/demo/index.php?route=account/register"> could not be scrolled into view
Build info: version: '4.25.0', revision: '8a8aea2337'
System info: os.name: 'Windows 10', os.arch: 'amd64', os.version: '10.0', java.version: '21.0.3'
Driver info: org.openqa.selenium.firefox.FirefoxDriver
Command: [95941b8e-dd8b-47b2-9990-925828fb6c10, clickElement {id=7f60d363-729d-4eda-b16f-89066e1e3c92}]
Capabilities {acceptInsecureCerts: true, browserName: firefox, browserVersion: 131.0.2, moz:accessibilityChecks: false, moz:buildID: 20241008210941, moz:debuggerAddress: 127.0.0.1:16069, moz:geckodriverVersion: 0.35.0, moz:headless: false, moz:platformVersion: 10.0, moz:processID: 21928, moz:profile: C:\Users\Admin\AppData\Loca..., moz:shutdownTimeout: 60000, moz:webdriverClick: true, moz:windowless: false, pageLoadStrategy: normal, platformName: windows, proxy: Proxy(), se:cdp: ws://127.0.0.1:16069/devtoo..., se:cdpVersion: 85.0, setWindowRect: true, strictFileInteractability: false, timeouts: {implicit: 0, pageLoad: 300000, script: 30000}, unhandledPromptBehavior: dismiss and notify, userAgent: Mozilla/5.0 (Windows NT 10....}
Element: [[FirefoxDriver: firefox on windows (95941b8e-dd8b-47b2-9990-925828fb6c10)] -> xpath: //div[@id="top-links"]/ul/li[2] //li[1]/a]
Session ID: 95941b8e-dd8b-47b2-9990-925828fb6c10
2024-10-10 18:20:17 INFO  TC008_EndToEndTestOnOpenCart:94 - TC008_EndToEndTestOnOpenCart is Execuited!!!
2024-10-10 18:20:42 INFO  Utils:112 - [TestNG] Running:
  C:\Users\Admin\eclipse-workspace\AutomationTestingOnOpencart\crossbrowsertesting.xml

2024-10-10 18:20:46 INFO  TC001_AccountRegistrationTest:14 - ====Starting TC001_AccRegTest====
2024-10-10 18:20:48 INFO  TC001_AccountRegistrationTest:20 - Clicked on Account Link
2024-10-10 18:20:49 INFO  TC001_AccountRegistrationTest:23 - Clicked on Register Link
2024-10-10 18:20:49 INFO  TC001_AccountRegistrationTest:28 - Providing customer details
2024-10-10 18:20:50 INFO  TC001_AccountRegistrationTest:14 - ====Starting TC001_AccRegTest====
2024-10-10 18:20:53 INFO  TC001_AccountRegistrationTest:14 - ====Starting TC001_AccRegTest====
2024-10-10 18:20:53 INFO  TC001_AccountRegistrationTest:20 - Clicked on Account Link
2024-10-10 18:20:53 INFO  TC001_AccountRegistrationTest:23 - Clicked on Register Link
2024-10-10 18:20:53 INFO  TC001_AccountRegistrationTest:28 - Providing customer details
2024-10-10 18:20:54 INFO  TC001_AccountRegistrationTest:59 - Validating Expected Message..
2024-10-10 18:20:55 ERROR TC001_AccountRegistrationTest:68 - Test Failedno such element: Unable to locate element: {"method":"xpath","selector":"//input[@id='input-firstname']"}
  (Session info: MicrosoftEdge=129.0.2792.79)
For documentation on this error, please visit: https://www.selenium.dev/documentation/webdriver/troubleshooting/errors#no-such-element-exception
Build info: version: '4.25.0', revision: '8a8aea2337'
System info: os.name: 'Windows 10', os.arch: 'amd64', os.version: '10.0', java.version: '21.0.3'
Driver info: org.openqa.selenium.edge.EdgeDriver
Command: [cd5b83e4bf5cf71d3d15d5d9bfcadcef, findElement {using=xpath, value=//input[@id='input-firstname']}]
Capabilities {acceptInsecureCerts: false, browserName: MicrosoftEdge, browserVersion: 129.0.2792.79, fedcm:accounts: true, ms:edgeOptions: {debuggerAddress: localhost:63232}, msedge: {msedgedriverVersion: 129.0.2792.79 (47754e458450..., userDataDir: C:\Users\Admin\AppData\Loca...}, networkConnectionEnabled: false, pageLoadStrategy: normal, platformName: windows, proxy: Proxy(), se:cdp: ws://localhost:63232/devtoo..., se:cdpVersion: 129.0.2792.79, setWindowRect: true, strictFileInteractability: false, timeouts: {implicit: 0, pageLoad: 300000, script: 30000}, unhandledPromptBehavior: dismiss and notify, webauthn:extension:credBlob: true, webauthn:extension:largeBlob: true, webauthn:extension:minPinLength: true, webauthn:extension:prf: true, webauthn:virtualAuthenticators: true}
Session ID: cd5b83e4bf5cf71d3d15d5d9bfcadcef
2024-10-10 18:20:55 INFO  TC001_AccountRegistrationTest:74 - TC001_AccountRegistrationTest is Execuited!!!
2024-10-10 18:20:55 INFO  TC001_AccountRegistrationTest:20 - Clicked on Account Link
2024-10-10 18:20:55 INFO  TC001_AccountRegistrationTest:74 - TC001_AccountRegistrationTest is Execuited!!!
2024-10-10 18:20:56 INFO  TC001_AccountRegistrationTest:23 - Clicked on Register Link
2024-10-10 18:20:56 INFO  TC001_AccountRegistrationTest:28 - Providing customer details
2024-10-10 18:21:01 ERROR TC001_AccountRegistrationTest:68 - Test FailedUnable to locate element: //input[@id='input-firstname']
For documentation on this error, please visit: https://www.selenium.dev/documentation/webdriver/troubleshooting/errors#no-such-element-exception
Build info: version: '4.25.0', revision: '8a8aea2337'
System info: os.name: 'Windows 10', os.arch: 'amd64', os.version: '10.0', java.version: '21.0.3'
Driver info: org.openqa.selenium.firefox.FirefoxDriver
Command: [8902bf79-7f40-4633-a873-d9522952edb2, findElement {using=xpath, value=//input[@id='input-firstname']}]
Capabilities {acceptInsecureCerts: true, browserName: firefox, browserVersion: 131.0.2, moz:accessibilityChecks: false, moz:buildID: 20241008210941, moz:debuggerAddress: 127.0.0.1:43769, moz:geckodriverVersion: 0.35.0, moz:headless: false, moz:platformVersion: 10.0, moz:processID: 19776, moz:profile: C:\Users\Admin\AppData\Loca..., moz:shutdownTimeout: 60000, moz:webdriverClick: true, moz:windowless: false, pageLoadStrategy: normal, platformName: windows, proxy: Proxy(), se:cdp: ws://127.0.0.1:43769/devtoo..., se:cdpVersion: 85.0, setWindowRect: true, strictFileInteractability: false, timeouts: {implicit: 0, pageLoad: 300000, script: 30000}, unhandledPromptBehavior: dismiss and notify, userAgent: Mozilla/5.0 (Windows NT 10....}
Session ID: 8902bf79-7f40-4633-a873-d9522952edb2
2024-10-10 18:21:01 INFO  TC001_AccountRegistrationTest:74 - TC001_AccountRegistrationTest is Execuited!!!
2024-10-10 18:21:07 INFO  TC008_EndToEndTestOnOpenCart:21 - ====Starting TC008_EndToEndTestOnOpenCart====
2024-10-10 18:21:10 INFO  TC008_EndToEndTestOnOpenCart:21 - ====Starting TC008_EndToEndTestOnOpenCart====
2024-10-10 18:21:10 INFO  TC008_EndToEndTestOnOpenCart:27 - Clicked on Account Link
2024-10-10 18:21:11 INFO  TC008_EndToEndTestOnOpenCart:30 - Clicked on Account Link
2024-10-10 18:21:12 INFO  TC008_EndToEndTestOnOpenCart:21 - ====Starting TC008_EndToEndTestOnOpenCart====
2024-10-10 18:21:17 ERROR TC008_EndToEndTestOnOpenCart:90 - Test FailedUnable to locate element: //input[@id='input-firstname']
For documentation on this error, please visit: https://www.selenium.dev/documentation/webdriver/troubleshooting/errors#no-such-element-exception
Build info: version: '4.25.0', revision: '8a8aea2337'
System info: os.name: 'Windows 10', os.arch: 'amd64', os.version: '10.0', java.version: '21.0.3'
Driver info: org.openqa.selenium.firefox.FirefoxDriver
Command: [73c2b6a0-fea2-4984-a480-477d379d6629, findElement {using=xpath, value=//input[@id='input-firstname']}]
Capabilities {acceptInsecureCerts: true, browserName: firefox, browserVersion: 131.0.2, moz:accessibilityChecks: false, moz:buildID: 20241008210941, moz:debuggerAddress: 127.0.0.1:41773, moz:geckodriverVersion: 0.35.0, moz:headless: false, moz:platformVersion: 10.0, moz:processID: 25440, moz:profile: C:\Users\Admin\AppData\Loca..., moz:shutdownTimeout: 60000, moz:webdriverClick: true, moz:windowless: false, pageLoadStrategy: normal, platformName: windows, proxy: Proxy(), se:cdp: ws://127.0.0.1:41773/devtoo..., se:cdpVersion: 85.0, setWindowRect: true, strictFileInteractability: false, timeouts: {implicit: 0, pageLoad: 300000, script: 30000}, unhandledPromptBehavior: dismiss and notify, userAgent: Mozilla/5.0 (Windows NT 10....}
Session ID: 73c2b6a0-fea2-4984-a480-477d379d6629
2024-10-10 18:21:17 INFO  TC008_EndToEndTestOnOpenCart:94 - TC008_EndToEndTestOnOpenCart is Execuited!!!
2024-10-10 18:21:17 INFO  TC008_EndToEndTestOnOpenCart:27 - Clicked on Account Link
2024-10-10 18:21:19 INFO  TC008_EndToEndTestOnOpenCart:27 - Clicked on Account Link
2024-10-10 18:21:20 ERROR TC008_EndToEndTestOnOpenCart:90 - Test FailedTried to run command without establishing a connection
Build info: version: '4.25.0', revision: '8a8aea2337'
System info: os.name: 'Windows 10', os.arch: 'amd64', os.version: '10.0', java.version: '21.0.3'
Driver info: org.openqa.selenium.firefox.FirefoxDriver
Command: [73c2b6a0-fea2-4984-a480-477d379d6629, findElement {using=xpath, value=//div[@id="top-links"]/ul/li[2] //li[1]/a}]
Capabilities {acceptInsecureCerts: true, browserName: firefox, browserVersion: 131.0.2, moz:accessibilityChecks: false, moz:buildID: 20241008210941, moz:debuggerAddress: 127.0.0.1:41773, moz:geckodriverVersion: 0.35.0, moz:headless: false, moz:platformVersion: 10.0, moz:processID: 25440, moz:profile: C:\Users\Admin\AppData\Loca..., moz:shutdownTimeout: 60000, moz:webdriverClick: true, moz:windowless: false, pageLoadStrategy: normal, platformName: windows, proxy: Proxy(), se:cdp: ws://127.0.0.1:41773/devtoo..., se:cdpVersion: 85.0, setWindowRect: true, strictFileInteractability: false, timeouts: {implicit: 0, pageLoad: 300000, script: 30000}, unhandledPromptBehavior: dismiss and notify, userAgent: Mozilla/5.0 (Windows NT 10....}
Session ID: 73c2b6a0-fea2-4984-a480-477d379d6629
2024-10-10 18:21:20 ERROR TC008_EndToEndTestOnOpenCart:90 - Test FailedTried to run command without establishing a connection
Build info: version: '4.25.0', revision: '8a8aea2337'
System info: os.name: 'Windows 10', os.arch: 'amd64', os.version: '10.0', java.version: '21.0.3'
Driver info: org.openqa.selenium.firefox.FirefoxDriver
Command: [73c2b6a0-fea2-4984-a480-477d379d6629, findElement {using=xpath, value=//div[@id="top-links"]/ul/li[2] //li[1]/a}]
Capabilities {acceptInsecureCerts: true, browserName: firefox, browserVersion: 131.0.2, moz:accessibilityChecks: false, moz:buildID: 20241008210941, moz:debuggerAddress: 127.0.0.1:41773, moz:geckodriverVersion: 0.35.0, moz:headless: false, moz:platformVersion: 10.0, moz:processID: 25440, moz:profile: C:\Users\Admin\AppData\Loca..., moz:shutdownTimeout: 60000, moz:webdriverClick: true, moz:windowless: false, pageLoadStrategy: normal, platformName: windows, proxy: Proxy(), se:cdp: ws://127.0.0.1:41773/devtoo..., se:cdpVersion: 85.0, setWindowRect: true, strictFileInteractability: false, timeouts: {implicit: 0, pageLoad: 300000, script: 30000}, unhandledPromptBehavior: dismiss and notify, userAgent: Mozilla/5.0 (Windows NT 10....}
Session ID: 73c2b6a0-fea2-4984-a480-477d379d6629
2024-10-10 18:21:20 INFO  TC008_EndToEndTestOnOpenCart:94 - TC008_EndToEndTestOnOpenCart is Execuited!!!
2024-10-10 18:21:20 INFO  TC008_EndToEndTestOnOpenCart:94 - TC008_EndToEndTestOnOpenCart is Execuited!!!
